[hapifhir.io/hapi-fhir/docs/index.html]
[backblue.gif]
[fade.gif]
[index.html]
[hapifhir.io/hapi-fhir/resources/jquery/dist/jquery.min.js]
[hapifhir.io/hapi-fhir/resources/popper.js/dist/umd/popper.min.js]
[hapifhir.io/hapi-fhir/resources/bootstrap/dist/js/bootstrap.min.js]
[hapifhir.io/hapi-fhir/resources/bootstrap/dist/css/bootstrap.min.css]
[hapifhir.io/hapi-fhir/resources/font-awesome/css/fontawesome.min.css]
[hapifhir.io/hapi-fhir/resources/clipboard.js/clipboard.min.js]
[hapifhir.io/hapi-fhir/resources/prismjs/prism.js]
[hapifhir.io/hapi-fhir/resources/prismjs/components/prism-bash.js]
[hapifhir.io/hapi-fhir/resources/prismjs/components/prism-http.js]
[hapifhir.io/hapi-fhir/resources/prismjs/components/prism-java.js]
[hapifhir.io/hapi-fhir/resources/prismjs/components/prism-javascript.js]
[hapifhir.io/hapi-fhir/resources/prismjs/components/prism-json.js]
[hapifhir.io/hapi-fhir/resources/prismjs/components/prism-nginx.js]
[hapifhir.io/hapi-fhir/resources/prismjs/components/prism-properties.js]
[hapifhir.io/hapi-fhir/resources/prismjs/components/prism-sql.js]
[hapifhir.io/hapi-fhir/resources/prismjs/plugins/toolbar/prism-toolbar.js]
[hapifhir.io/hapi-fhir/resources/prismjs/plugins/command-line/prism-command-line.js]
[hapifhir.io/hapi-fhir/resources/prismjs/plugins/copy-to-clipboard/prism-copy-to-clipboard.js]
[hapifhir.io/hapi-fhir/resources/prismjs/plugins/line-numbers/prism-line-numbers.js]
[hapifhir.io/hapi-fhir/resources/prismjs/themes/prism.css]
[hapifhir.io/hapi-fhir/resources/prismjs/themes/prism-coy.css]
[hapifhir.io/hapi-fhir/resources/prismjs/plugins/toolbar/prism-toolbar.css]
[hapifhir.io/hapi-fhir/resources/prismjs/plugins/line-numbers/prism-line-numbers.css]
[hapifhir.io/hapi-fhir/css/hapifhir.css]
[hapifhir.io/hapi-fhir/resources/font-awesome/js/all.min.js]
[hapifhir.io/hapi-fhir/resources/cdr-web-resources/css/help-common.css]
[hapifhir.io/hapi-fhir/css/pages.css]
[hapifhir.io/hapi-fhir/css/docs.css]
[hapifhir.io/hapi-fhir/images/logos/small-logo.png]
[hapifhir.io/hapi-fhir/docs/appendix/faq.html]
[hapifhir.io/hapi-fhir/docs/introduction/table_of_contents.html]
[hapifhir.io/hapi-fhir/docs/introduction/changelog.html]
[hapifhir.io/hapi-fhir/docs/introduction/changelog_2020.html]
[hapifhir.io/hapi-fhir/docs/introduction/changelog_2019.html]
[hapifhir.io/hapi-fhir/docs/introduction/changelog_2018.html]
[hapifhir.io/hapi-fhir/docs/introduction/changelog_2017.html]
[hapifhir.io/hapi-fhir/docs/introduction/changelog_2016.html]
[hapifhir.io/hapi-fhir/docs/introduction/changelog_2015.html]
[hapifhir.io/hapi-fhir/docs/introduction/changelog_2014.html]
[hapifhir.io/hapi-fhir/docs/getting_started/introduction.html]
[hapifhir.io/hapi-fhir/docs/getting_started/versions.html]
[hapifhir.io/hapi-fhir/docs/getting_started/modules.html]
[hapifhir.io/hapi-fhir/docs/getting_started/downloading_and_importing.html]
[hapifhir.io/hapi-fhir/docs/model/working_with_resources.html]
[hapifhir.io/hapi-fhir/docs/model/parsers.html]
[hapifhir.io/hapi-fhir/docs/model/references.html]
[hapifhir.io/hapi-fhir/docs/model/profiles_and_extensions.html]
[hapifhir.io/hapi-fhir/docs/model/converter.html]
[hapifhir.io/hapi-fhir/docs/model/custom_structures.html]
[hapifhir.io/hapi-fhir/docs/model/narrative_generation.html]
[hapifhir.io/hapi-fhir/docs/model/bundle_builder.html]
[hapifhir.io/hapi-fhir/docs/client/introduction.html]
[hapifhir.io/hapi-fhir/docs/client/get_started.html]
[hapifhir.io/hapi-fhir/docs/client/generic_client.html]
[hapifhir.io/hapi-fhir/docs/client/annotation_client.html]
[hapifhir.io/hapi-fhir/docs/client/client_configuration.html]
[hapifhir.io/hapi-fhir/docs/client/examples.html]
[hapifhir.io/hapi-fhir/docs/server_plain/server_types.html]
[hapifhir.io/hapi-fhir/docs/server_plain/introduction.html]
[hapifhir.io/hapi-fhir/docs/server_plain/get_started.html]
[hapifhir.io/hapi-fhir/docs/server_plain/resource_providers.html]
[hapifhir.io/hapi-fhir/docs/server_plain/rest_operations.html]
[hapifhir.io/hapi-fhir/docs/server_plain/rest_operations_search.html]
[hapifhir.io/hapi-fhir/docs/server_plain/rest_operations_operations.html]
[hapifhir.io/hapi-fhir/docs/server_plain/paging.html]
[hapifhir.io/hapi-fhir/docs/server_plain/web_testpage_overlay.html]
[hapifhir.io/hapi-fhir/docs/server_plain/multitenancy.html]
[hapifhir.io/hapi-fhir/docs/server_plain/jax_rs.html]
[hapifhir.io/hapi-fhir/docs/server_plain/customizing_the_capabilitystatement.html]
[hapifhir.io/hapi-fhir/docs/server_plain/openapi.html]
[hapifhir.io/hapi-fhir/docs/server_jpa/introduction.html]
[hapifhir.io/hapi-fhir/docs/server_jpa/get_started.html]
[hapifhir.io/hapi-fhir/docs/server_jpa/architecture.html]
[hapifhir.io/hapi-fhir/docs/server_jpa/schema.html]
[hapifhir.io/hapi-fhir/docs/server_jpa/configuration.html]
[hapifhir.io/hapi-fhir/docs/server_jpa/search.html]
[hapifhir.io/hapi-fhir/docs/server_jpa/performance.html]
[hapifhir.io/hapi-fhir/docs/server_jpa/upgrading.html]
[hapifhir.io/hapi-fhir/docs/server_jpa/diff.html]
[hapifhir.io/hapi-fhir/docs/server_jpa/lastn.html]
[hapifhir.io/hapi-fhir/docs/server_jpa/elastic.html]
[hapifhir.io/hapi-fhir/docs/server_jpa/terminology.html]
[hapifhir.io/hapi-fhir/docs/server_jpa_mdm/mdm.html]
[hapifhir.io/hapi-fhir/docs/server_jpa_mdm/mdm_rules.html]
[hapifhir.io/hapi-fhir/docs/server_jpa_mdm/mdm_eid.html]
[hapifhir.io/hapi-fhir/docs/server_jpa_mdm/mdm_operations.html]
[hapifhir.io/hapi-fhir/docs/server_jpa_mdm/mdm_details.html]
[hapifhir.io/hapi-fhir/docs/server_jpa_mdm/mdm_expansion.html]
[hapifhir.io/hapi-fhir/docs/server_jpa_cql/cql.html]
[hapifhir.io/hapi-fhir/docs/server_jpa_partitioning/partitioning.html]
[hapifhir.io/hapi-fhir/docs/server_jpa_partitioning/partition_interceptor_examples.html]
[hapifhir.io/hapi-fhir/docs/server_jpa_partitioning/partitioning_management_operations.html]
[hapifhir.io/hapi-fhir/docs/server_jpa_partitioning/enabling_in_hapi_fhir.html]
[hapifhir.io/hapi-fhir/docs/interceptors/interceptors.html]
[hapifhir.io/hapi-fhir/docs/interceptors/client_interceptors.html]
[hapifhir.io/hapi-fhir/docs/interceptors/client_pointcuts.html]
[hapifhir.io/hapi-fhir/docs/interceptors/built_in_client_interceptors.html]
[hapifhir.io/hapi-fhir/docs/interceptors/server_interceptors.html]
[hapifhir.io/hapi-fhir/docs/interceptors/server_pointcuts.html]
[hapifhir.io/hapi-fhir/docs/interceptors/built_in_server_interceptors.html]
[hapifhir.io/hapi-fhir/docs/security/introduction.html]
[hapifhir.io/hapi-fhir/docs/security/authorization_interceptor.html]
[hapifhir.io/hapi-fhir/docs/security/consent_interceptor.html]
[hapifhir.io/hapi-fhir/docs/security/search_narrowing_interceptor.html]
[hapifhir.io/hapi-fhir/docs/security/cors.html]
[hapifhir.io/hapi-fhir/docs/validation/introduction.html]
[hapifhir.io/hapi-fhir/docs/validation/parser_error_handler.html]
[hapifhir.io/hapi-fhir/docs/validation/instance_validator.html]
[hapifhir.io/hapi-fhir/docs/validation/validation_support_modules.html]
[hapifhir.io/hapi-fhir/docs/validation/schema_validator.html]
[hapifhir.io/hapi-fhir/docs/validation/repository_validating_interceptor.html]
[hapifhir.io/hapi-fhir/docs/validation/examples.html]
[hapifhir.io/hapi-fhir/docs/android/client.html]
[hapifhir.io/hapi-fhir/docs/tools/hapi_fhir_cli.html]
[hapifhir.io/hapi-fhir/docs/contributing/hacking_guide.html]
[hapifhir.io/hapi-fhir/docs/appendix/logging.html]
[hapifhir.io/hapi-fhir/docs/appendix/javadocs.html]
[hapifhir.io/hapi-fhir/images/logos/raccoon-forwards.png]
[hapifhir.io/images/icons/link-grey.png]
[hapifhir.io/images/icons/smiley-grey.png]
[hapifhir.io/hapi-fhir/docs/index.html]
[hapifhir.io/hapi-fhir/resources/bootstrap/dist/css/bootstrap.min.css]
[hapifhir.io/hapi-fhir/resources/font-awesome/css/fontawesome.min.css]
[hapifhir.io/hapi-fhir/resources/prismjs/themes/prism.css]
[hapifhir.io/hapi-fhir/resources/prismjs/themes/prism-coy.css]
[hapifhir.io/hapi-fhir/resources/prismjs/plugins/toolbar/prism-toolbar.css]
[hapifhir.io/hapi-fhir/resources/prismjs/plugins/line-numbers/prism-line-numbers.css]
[hapifhir.io/hapi-fhir/css/hapifhir.css]
[hapifhir.io/hapi-fhir/resources/cdr-web-resources/css/help-common.css]
[hapifhir.io/hapi-fhir/css/pages.css]
[hapifhir.io/hapi-fhir/css/docs.css]
[hapifhir.io/hapi-fhir/docs/appendix/faq.html]
[hapifhir.io/hapi-fhir/docs/introduction/table_of_contents.html]
[hapifhir.io/hapi-fhir/docs/introduction/changelog.html]
[hapifhir.io/hapi-fhir/docs/introduction/changelog_2020.html]
[hapifhir.io/hapi-fhir/docs/introduction/changelog_2019.html]
[hapifhir.io/hapi-fhir/docs/introduction/changelog_2018.html]
[hapifhir.io/hapi-fhir/docs/introduction/changelog_2017.html]
[hapifhir.io/hapi-fhir/docs/introduction/changelog_2016.html]
[hapifhir.io/hapi-fhir/docs/introduction/changelog_2015.html]
[hapifhir.io/hapi-fhir/docs/introduction/changelog_2014.html]
[hapifhir.io/hapi-fhir/docs/getting_started/introduction.html]
[hapifhir.io/hapi-fhir/docs/getting_started/versions.html]
[hapifhir.io/hapi-fhir/docs/getting_started/modules.html]
[hapifhir.io/hapi-fhir/docs/client/index.html]
[hapifhir.io/hapi-fhir/docs/getting_started/downloading_and_importing.html]
[hapifhir.io/hapi-fhir/docs/android/index.html]
[hapifhir.io/hapi-fhir/docs/model/working_with_resources.html]
[hapifhir.io/hapi-fhir/docs/model/parsers.html]
[hapifhir.io/hapi-fhir/docs/model/references.html]
[hapifhir.io/hapi-fhir/docs/model/profiles_and_extensions.html]
[hapifhir.io/hapi-fhir/docs/model/converter.html]
[hapifhir.io/hapi-fhir/docs/model/custom_structures.html]
[hapifhir.io/hapi-fhir/docs/validation/index.html]
[hapifhir.io/hapi-fhir/docs/server_plain/index.html]
[hapifhir.io/hapi-fhir/docs/server_jpa/index.html]
[hapifhir.io/hapi-fhir/docs/model/narrative_generation.html]
[hapifhir.io/hapi-fhir/docs/model/bundle_builder.html]
[hapifhir.io/hapi-fhir/docs/client/introduction.html]
[hapifhir.io/hapi-fhir/docs/client/get_started.html]
[hapifhir.io/hapi-fhir/docs/client/generic_client.html]
[hapifhir.io/hapi-fhir/docs/client/annotation_client.html]
[hapifhir.io/hapi-fhir/docs/client/client_configuration.html]
[hapifhir.io/hapi-fhir/docs/client/examples.html]
[hapifhir.io/hapi-fhir/docs/server_plain/server_types.html]
[hapifhir.io/hapi-fhir/docs/server_plain/introduction.html]
[hapifhir.io/hapi-fhir/docs/server_plain/get_started.html]
[hapifhir.io/hapi-fhir/docs/server_plain/resource_providers.html]
[hapifhir.io/hapi-fhir/docs/server_plain/rest_operations.html]
[hapifhir.io/hapi-fhir/docs/server_plain/rest_operations_search.html]
[hapifhir.io/hapi-fhir/docs/server_plain/rest_operations_operations.html]
[hapifhir.io/hapi-fhir/docs/server_plain/paging.html]
[hapifhir.io/hapi-fhir/docs/server_plain/web_testpage_overlay.html]
[hapifhir.io/hapi-fhir/docs/server_plain/multitenancy.html]
[hapifhir.io/hapi-fhir/docs/server_plain/jax_rs.html]
[hapifhir.io/hapi-fhir/docs/server_plain/customizing_the_capabilitystatement.html]
[hapifhir.io/hapi-fhir/docs/server_plain/openapi.html]
[hapifhir.io/hapi-fhir/docs/server_jpa/introduction.html]
[hapifhir.io/hapi-fhir/docs/server_jpa/get_started.html]
[github.com/hapifhir/hapi-fhir/blob/master/hapi-fhir-base/src/main/resources/ca/uhn/fhir/narrative/hapi-narrative.html]
[hapifhir.io/hapi-fhir/docs/interceptors/index.html]
[hapifhir.io/hapi-fhir/docs/images/jpa_architecture.png]
[hapifhir.io/hapi-fhir/docs/server_jpa/architecture.html]
[hapifhir.io/hapi-fhir/docs/server_jpa/schema.html]
[hapifhir.io/hapi-fhir/docs/server_jpa/configuration.html]
[hapifhir.io/hapi-fhir/docs/server_jpa/search.html]
[hapifhir.io/hapi-fhir/docs/server_jpa/performance.html]
[hapifhir.io/hapi-fhir/docs/server_jpa/upgrading.html]
[hapifhir.io/hapi-fhir/docs/server_jpa/diff.html]
[hapifhir.io/hapi-fhir/docs/server_jpa/lastn.html]
[hapifhir.io/hapi-fhir/docs/server_jpa/elastic.html]
[hapifhir.io/hapi-fhir/docs/server_jpa/terminology.html]
[hapifhir.io/hapi-fhir/docs/server_jpa_mdm/mdm.html]
[hapifhir.io/hapi-fhir/docs/server_jpa_mdm/mdm_rules.html]
[hapifhir.io/hapi-fhir/docs/server_jpa_mdm/mdm_eid.html]
[hapifhir.io/hapi-fhir/docs/server_jpa_mdm/mdm_operations.html]
[hapifhir.io/hapi-fhir/docs/server_jpa_mdm/mdm_details.html]
[hapifhir.io/hapi-fhir/docs/server_jpa_mdm/mdm_expansion.html]
[hapifhir.io/hapi-fhir/docs/server_jpa_cql/cql.html]
[hapifhir.io/hapi-fhir/docs/server_jpa_partitioning/partitioning.html]
[hapifhir.io/hapi-fhir/docs/server_jpa_partitioning/partition_interceptor_examples.html]
[hapifhir.io/hapi-fhir/docs/server_jpa_partitioning/partitioning_management_operations.html]
[hapifhir.io/hapi-fhir/docs/server_jpa_partitioning/enabling_in_hapi_fhir.html]
[hapifhir.io/hapi-fhir/docs/interceptors/interceptors.html]
[hapifhir.io/hapi-fhir/docs/interceptors/client_interceptors.html]
[hapifhir.io/hapi-fhir/docs/interceptors/client_pointcuts.html]
[hapifhir.io/hapi-fhir/docs/interceptors/built_in_client_interceptors.html]
[hapifhir.io/hapi-fhir/docs/interceptors/server_interceptors.html]
[hapifhir.io/hapi-fhir/docs/interceptors/server_pointcuts.html]
[hapifhir.io/hapi-fhir/docs/interceptors/built_in_server_interceptors.html]
[hapifhir.io/hapi-fhir/docs/security/introduction.html]
[hapifhir.io/hapi-fhir/docs/security/authorization_interceptor.html]
[hapifhir.io/hapi-fhir/docs/security/consent_interceptor.html]
[hapifhir.io/hapi-fhir/docs/security/search_narrowing_interceptor.html]
[hapifhir.io/hapi-fhir/docs/security/cors.html]
[hapifhir.io/hapi-fhir/docs/validation/introduction.html]
[hapifhir.io/hapi-fhir/docs/validation/parser_error_handler.html]
[hapifhir.io/hapi-fhir/docs/validation/instance_validator.html]
[hapifhir.io/hapi-fhir/docs/validation/validation_support_modules.html]
[hapifhir.io/hapi-fhir/docs/validation/schema_validator.html]
[hapifhir.io/hapi-fhir/docs/validation/repository_validating_interceptor.html]
[hapifhir.io/hapi-fhir/docs/validation/examples.html]
[hapifhir.io/hapi-fhir/docs/android/client.html]
[hapifhir.io/hapi-fhir/docs/images/hapi-fhir-cli.png]
[hapifhir.io/hapi-fhir/docs/images/hapi-fhir-cli-run-server.png]
[hapifhir.io/hapi-fhir/docs/tools/hapi_fhir_cli.html]
[hapifhir.io/hapi-fhir/docs/images/hacking_import.png]
[hapifhir.io/hapi-fhir/docs/images/hacking_import_step2.png]
[hapifhir.io/hapi-fhir/docs/contributing/hacking_guide.html]
[hapifhir.io/hapi-fhir/docs/appendix/logging.html]
[hapifhir.io/hapi-fhir/docs/appendix/javadocs.html]
[hapifhir.io/images/icons/link-grey.html]
[hapifhir.io/images/icons/smiley-grey.html]
[hapifhir.io/hapi-fhir/docs/client/index.html]
[hapifhir.io/hapi-fhir/docs/android/index.html]
[hapifhir.io/hapi-fhir/docs/validation/index.html]
[hapifhir.io/hapi-fhir/docs/server_plain/index.html]
[hapifhir.io/hapi-fhir/docs/server_jpa/index.html]
[github.githubassets.com/assets/light-d46e2b60992dc114d02a7edf55f254c4.css]
[github.githubassets.com/assets/dark-848e5bda8a9313d9e37e362b7eecd7a8.css]
[github.githubassets.com/assets/dark_dimmed-92541d6f7b75e0061a44c901d2ff5bb9.css]
[github.githubassets.com/assets/dark_high_contrast-081b1fa41be0d43fc7be7f05158e09c1.css]
[github.githubassets.com/assets/dark_colorblind-d3d8a99329c0b730aa6ac9760f6fff37.css]
[github.githubassets.com/assets/light_colorblind-389c270bfa4674e57740ca16b9df2fa7.css]
[github.githubassets.com/assets/light_high_contrast-e6cc20d112469618f4507dd22e427a7b.css]
[github.githubassets.com/assets/frameworks-4f7378e77856098b0bf3229fbb7cb27b.css]
[github.githubassets.com/assets/behaviors-bdd063f6ca19d6cbf5b24d70ff781237.css]
[github.githubassets.com/assets/tab-size-fix-30224561f6d0a13e045c2e9a5b1e5682.css]
[github.githubassets.com/assets/github-b3a810f733e6a57f479e1237e5e542a7.css]
[github.githubassets.com/assets/environment-2bf92300.js]
[github.githubassets.com/assets/chunk-frameworks-e37886d3.js]
[github.githubassets.com/assets/chunk-vendor-a44ba20b.js]
[github.githubassets.com/assets/behaviors-d1e8a897.js]
[github.githubassets.com/assets/repositories-a996d123.js]
[github.githubassets.com/assets/diffs-34fb0642.js]
[github.com/fluidicon.png]
[github.githubassets.com/assets/optimizely-b2d3c6c8.js]
[github.githubassets.com/favicons/favicon.png]
[github.com/login3680.html]
[github.com/hapifhir/hapi-fhir/blob/1a1243db3473267076124f084916f1e85219372d/hapi-fhir-base/src/main/resources/ca/uhn/fhir/narrative/hapi-narrative.html]
[github.com/hapifhir/hapi-fhir/blob/{{ urlEncodedRefName }}/hapi-fhir-base/src/main/resources/ca/uhn/fhir/narrative/hapi-narrative.ad.delayed]
[github.com/hapifhir/hapi-fhir/contributors/master/hapi-fhir-base/src/main/resources/ca/uhn/fhir/narrative/hapi-narrative.html]
[raw.githubusercontent.com/hapifhir/hapi-fhir/master/hapi-fhir-base/src/main/resources/ca/uhn/fhir/narrative/hapi-narrative.css]
[github.com/hapifhir/hapi-fhir/blame/master/hapi-fhir-base/src/main/resources/ca/uhn/fhir/narrative/hapi-narrative.html]
[github.com/hapifhir/hapi-fhir/blob/master/hapi-fhir-base/src/main/resources/ca/uhn/fhir/narrative/{{ revealButtonHref }}.b2.delayed]
[github.com/hapifhir/hapi-fhir/blob/master/hapi-fhir-base/src/main/resources/ca/uhn/fhir/narrative/hapi-fhir-base/src/main/resources/ca/uhn/fhir/narrative/hapi-narrative.b3.delayed]
[github.com/hapifhir/hapi-fhir/blob/master/hapi-fhir-base/src/main/resources/ca/uhn/fhir/narrative/hapi-narrative.html]
[hapifhir.io/hapi-fhir/docs/interceptors/index.html]
[hapifhir.io/hapi-fhir/docs/images/jpa_erd_resources.svg]
[hapifhir.io/hapi-fhir/docs/images/jpa_erd_resource_links.svg]
[hapifhir.io/hapi-fhir/docs/images/jpa_erd_search_indexes.svg]
[hapifhir.io/hapi-fhir/docs/images/termcodesystem_schema.svg]
[hapifhir.io/hapi-fhir/docs/images/termvalueset_schema.svg]
[hapifhir.io/hapi-fhir/docs/images/termconceptmap_schema.svg]
[hapifhir.io/hapi-fhir/docs/images/empi-create-1.svg]
[hapifhir.io/hapi-fhir/docs/images/empi-create-2.svg]
[hapifhir.io/hapi-fhir/docs/images/empi-create-3.svg]
[hapifhir.io/hapi-fhir/docs/images/empi-create-4.svg]
[hapifhir.io/hapi-fhir/docs/images/empi-create-5.svg]
[hapifhir.io/hapi-fhir/docs/images/empi-update-1.svg]
[hapifhir.io/hapi-fhir/docs/images/empi-update-2.svg]
[hapifhir.io/hapi-fhir/docs/images/empi-update-3.svg]
[hapifhir.io/hapi-fhir/docs/images/empi-update-4.svg]
[hapifhir.io/hapi-fhir/docs/images/empi-update-5.svg]
[hapifhir.io/hapi-fhir/docs/images/empi-update-6.svg]
[hapifhir.io/hapi-fhir/docs/images/interceptors-client-pipeline.svg]
[hapifhir.io/hapi-fhir/docs/images/interceptors-server-pipeline.svg]
[hapifhir.io/hapi-fhir/docs/images/interceptors-server-jpa-pipeline.svg]
[hapifhir.io/hapi-fhir/docs/images/hapi_authorizationinterceptor_read_normal.svg]
[hapifhir.io/hapi-fhir/docs/images/hapi_authorizationinterceptor_write_normal.svg]
[hapifhir.io/hapi-fhir/docs/images/validation-support-chain.svg]
[hapifhir.io/hapi-fhir/docs/images/hapi-fhir-logging.svg]
[hapifhir.io/hapi-fhir/docs/images/hapi-fhir-logging-complete.svg]
[github.githubassets.com/assets/light-d46e2b60992dc114d02a7edf55f254c4.css]
[github.githubassets.com/assets/dark-848e5bda8a9313d9e37e362b7eecd7a8.css]
[github.githubassets.com/assets/dark_dimmed-92541d6f7b75e0061a44c901d2ff5bb9.css]
[github.githubassets.com/assets/dark_high_contrast-081b1fa41be0d43fc7be7f05158e09c1.css]
[github.githubassets.com/assets/dark_colorblind-d3d8a99329c0b730aa6ac9760f6fff37.css]
[github.githubassets.com/assets/light_colorblind-389c270bfa4674e57740ca16b9df2fa7.css]
[github.githubassets.com/assets/light_high_contrast-e6cc20d112469618f4507dd22e427a7b.css]
[github.com/hapifhir/hapi-fhir/blame/1a1243db3473267076124f084916f1e85219372d/hapi-fhir-base/src/main/resources/ca/uhn/fhir/narrative/hapi-narrative.html]
[github.githubassets.com/images/spinners/octocat-spinner-16px.gif]
[github.githubassets.com/images/modules/ajax/success.png]
[github.githubassets.com/images/modules/ajax/error.png]
[github.githubassets.com/images/spinners/octocat-spinner-32.gif]
[github.githubassets.com/images/modules/ajax/success@2x.png]
[github.githubassets.com/images/modules/ajax/error@2x.png]
[github.githubassets.com/images/spinners/octocat-spinner-32-EAF2F5.gif]
[github.githubassets.com/images/spinners/octocat-spinner-16px-EAF2F5.gif]
[github.githubassets.com/assets/frameworks-4f7378e77856098b0bf3229fbb7cb27b.css]
[github.githubassets.com/images/modules/pagehead/background-yellowhatch-v3.png]
[github.githubassets.com/assets/behaviors-bdd063f6ca19d6cbf5b24d70ff781237.css]
[github.githubassets.com/assets/tab-size-fix-30224561f6d0a13e045c2e9a5b1e5682.css]
[github.githubassets.com/images/spinners/octocat-spinner-64.gif]
[github.githubassets.com/images/modules/site/codespaces/dropdown-background-light.png]
[github.githubassets.com/images/modules/site/codespaces/dropdown-background-dark.png]
[github.githubassets.com/images/modules/commit/trans_bg.gif]
[github.githubassets.com/images/spinners/octocat-spinner-128.gif]
[github.githubassets.com/images/modules/memexes/projects-beta-banner-mobile.png]
[github.githubassets.com/images/modules/memexes/projects-beta-banner.png]
[github.githubassets.com/images/modules/memexes/projects-beta-banner-dark.png]
[github.githubassets.com/images/modules/site/sponsors/heart-explosion.png]
[github.githubassets.com/assets/github-b3a810f733e6a57f479e1237e5e542a7.css]
[github.githubassets.com/assets/unsupported-6ec815c8.js]
[github.githubassets.com/assets/settings-a16c6795.js]
[github.githubassets.com/assets/sessions-e4ce4a80.js]
[github.com/opensearch.xml]
[github.com/login.html]
[github.com/manifest.json]
[github.com/logine7b6.html]
[github.com/password_reset.html]
[github.com/signupb3cf.html]
[github.com/login3680.html]
[github.com/hapifhir/hapi-fhir/blob/1a1243db3473267076124f084916f1e85219372d/hapi-fhir-base/src/main/resources/ca/uhn/fhir/narrative/hapi-narrative.html]
[github.com/hapifhir/hapi-fhir/blob/{{ urlEncodedRefName }}/hapi-fhir-base/src/main/resources/ca/uhn/fhir/narrative/hapi-narrative.html]
[github.com/hapifhir/hapi-fhir/commits/master/hapi-fhir-base/src/main/resources/ca/uhn/fhir/narrative/hapi-narrative.html]
[github.com/hapifhir/hapi-fhir/contributors-list/master/hapi-fhir-base/src/main/resources/ca/uhn/fhir/narrative/hapi-narrative.html]
[github.com/hapifhir/hapi-fhir/contributors/master/hapi-fhir-base/src/main/resources/ca/uhn/fhir/narrative/hapi-narrative.html]
[raw.githubusercontent.com/hapifhir/hapi-fhir/master/hapi-fhir-base/src/main/resources/ca/uhn/fhir/narrative/hapi-narrative.css]
[github.com/login58d8.html]
[github.com/hapifhir/hapi-fhir/blame/0b93dcc491b6c4d54ee16753a4c2de8b53f4ecc9/hapi-fhir-base/src/main/resources/ca/uhn/fhir/narrative/narrative.html]
[github.com/hapifhir/hapi-fhir/blame/master/hapi-fhir-base/src/main/resources/ca/uhn/fhir/narrative/hapi-narrative.html]
[github.com/hapifhir/hapi-fhir/blob/master/hapi-fhir-base/src/main/resources/ca/uhn/fhir/narrative/{{ revealButtonHref }}.html]
[github.com/hapifhir/hapi-fhir/blob/master/hapi-fhir-base/src/main/resources/ca/uhn/fhir/narrative/hapi-fhir-base/src/main/resources/ca/uhn/fhir/narrative/hapi-narrative.html]
[github.com/hapifhir/hapi-fhir/blame/1a1243db3473267076124f084916f1e85219372d/hapi-fhir-base/src/main/resources/ca/uhn/fhir/narrative/hapi-narrative.html]
[github.com/hapifhir/hapi-fhir/blame/1b7b141396d540957d1806719d403181da741828/hapi-fhir-base/src/main/resources/ca/uhn/fhir/narrative/hapi-narrative.html]
[github.com/login.html]
[github.com/signup3060.html]
[github.com/logine7b6.html]
[github.com/signup19d0.html]
[github.githubassets.com/assets/signup-a8f9b478.js]
[github.com/password_reset.html]
[github.githubassets.com/assets/signup-4c1a68249bb36da531abfa80ae77c04b.css]
[github.githubassets.com/assets/signup-redesign-77bbc604.js]
[github.githubassets.com/assets/site-07593cd639609c59c5ee14ab6acb50de.css]
[github.githubassets.com/assets/home-48400a9c40512852c74201e3fa02c93b.css]
[github.com/email_validity_checks.e9.delayed]
[github.com/password_validity_checks.ea.delayed]
[github.com/signup_check/username.eb.delayed]
[github.com/signupb3cf.html]
[github.com/login240a.html]
[github.com/hapifhir/hapi-fhir/blob/28ebda71e18c788408dfa9276f3d3a28e93a9475/hapi-fhir-base/src/main/resources/ca/uhn/fhir/narrative/hapi-narrative.html]
[github.com/hapifhir/hapi-fhir/commits/master/hapi-fhir-base/src/main/resources/ca/uhn/fhir/narrative/hapi-narrative.html]
[github.com/hapifhir/hapi-fhir/contributors-list/master/hapi-fhir-base/src/main/resources/ca/uhn/fhir/narrative/hapi-narrative.html]
[github.com/hapifhir/hapi-fhir/blob/0484c6509ff616ee3858c767d0a9cf1f274cc57b/hapi-fhir-base/src/main/resources/ca/uhn/fhir/narrative/hapi-narrative.html]
[github.com/login58d8.html]
[github.com/hapifhir/hapi-fhir/blame/0b93dcc491b6c4d54ee16753a4c2de8b53f4ecc9/hapi-fhir-base/src/main/resources/ca/uhn/fhir/narrative/narrative.html]
[github.com/hapifhir/hapi-fhir/blame/1b7b141396d540957d1806719d403181da741828/hapi-fhir-base/src/main/resources/ca/uhn/fhir/narrative/hapi-narrative.html]
[github.com/signupc9b0.html]
[github.com/signup3060.html]
[github.com/signup19d0.html]
[github.githubassets.com/images/modules/signup/launch_codes/bg.jpg]
[github.githubassets.com/assets/signup-4c1a68249bb36da531abfa80ae77c04b.css]
[github.githubassets.com/assets/site-07593cd639609c59c5ee14ab6acb50de.css]
[github.githubassets.com/assets/home-48400a9c40512852c74201e3fa02c93b.css]
[github.com/email_validity_checks.html]
[github.com/password_validity_checks.html]
[github.com/signup_check/username.html]
[github.com/login9be0.html]
[github.com/login240a.html]
[github.com/hapifhir/hapi-fhir/blob/28ebda71e18c788408dfa9276f3d3a28e93a9475/hapi-fhir-base/src/main/resources/ca/uhn/fhir/narrative/hapi-narrative.html]
[github.com/hapifhir/hapi-fhir/blob/0484c6509ff616ee3858c767d0a9cf1f274cc57b/hapi-fhir-base/src/main/resources/ca/uhn/fhir/narrative/hapi-narrative.html]
[github.com/signupc9b0.html]
[github.com/signupae99.html]
[github.com/login9be0.html]
[github.com/signupae99.html]
[github.com/signup0e38.html]
[github.com/signup0e38.html]
